<?xml version="1.0" encoding="UTF-8"?>
<!-- Generated by org.testng.reporters.JUnitReportReporter -->
<testsuite hostname="Vinod-PC" name="tests.BMIPageTest" tests="1" failures="0" timestamp="18 Oct 2018 10:07:51 GMT" time="5.765" errors="0">
  <testcase name="bmiCalculatorTest" time="5.765" classname="tests.BMIPageTest"/>
</testsuite> <!-- tests.BMIPageTest -->
