<?xml version="1.0" encoding="UTF-8"?>
<!-- Generated by org.testng.reporters.JUnitReportReporter -->
<testsuite hostname="Vinod-PC" name="testngtest.TestNGCalculation" tests="3" failures="0" timestamp="24 Jul 2018 11:36:45 GMT" time="0.016" errors="0">
  <testcase name="addTest" time="0.016" classname="testngtest.TestNGCalculation"/>
  <testcase name="subTest" time="0.000" classname="testngtest.TestNGCalculation"/>
  <testcase name="divideTest" time="0.000" classname="testngtest.TestNGCalculation"/>
</testsuite> <!-- testngtest.TestNGCalculation -->
