<?xml version="1.0" encoding="UTF-8"?>
<!-- Generated by org.testng.reporters.JUnitReportReporter -->
<testsuite hostname="Vinod-PC" name="tests.SimpleFormTest" tests="1" failures="0" timestamp="18 Oct 2018 10:07:51 GMT" time="7.287" errors="0">
  <testcase name="showMessageTest" time="7.287" classname="tests.SimpleFormTest"/>
</testsuite> <!-- tests.SimpleFormTest -->
