<?xml version="1.0" encoding="UTF-8"?>
<!-- Generated by org.testng.reporters.JUnitReportReporter -->
<testsuite hostname="Vinod-PC" name="testngtest.DataProviderTest" tests="2" failures="0" timestamp="24 Jul 2018 11:36:45 GMT" time="14.606" errors="0">
  <testcase name="login" time="4.831" classname="testngtest.DataProviderTest"/>
  <testcase name="login" time="9.775" classname="testngtest.DataProviderTest"/>
</testsuite> <!-- testngtest.DataProviderTest -->
