<?xml version="1.0" encoding="UTF-8"?>
<!-- Generated by org.testng.reporters.JUnitReportReporter -->
<testsuite hostname="Vinod-PC" name="pages.BaseTests" tests="2" failures="0" timestamp="2 Aug 2018 12:10:48 GMT" time="0.005" errors="0">
  <testcase name="stringTest" time="0.002" classname="pages.BaseTests"/>
  <testcase name="checkWordTest" time="0.003" classname="pages.BaseTests"/>
</testsuite> <!-- pages.BaseTests -->
