<?xml version="1.0" encoding="UTF-8"?>
<!-- Generated by org.testng.reporters.JUnitReportReporter -->
<testsuite hostname="Vinod-PC" name="tests.CheckboxFormTest" tests="2" failures="0" timestamp="23 Sep 2018 08:24:22 GMT" time="13.201" errors="0">
  <testcase name="singleCheckboxTest" time="6.327" classname="tests.CheckboxFormTest"/>
  <testcase name="multipleCheckboxTest" time="6.874" classname="tests.CheckboxFormTest"/>
</testsuite> <!-- tests.CheckboxFormTest -->
