<?xml version="1.0" encoding="UTF-8"?>
<!-- Generated by org.testng.reporters.JUnitReportReporter -->
<testsuite hostname="Vinod-PC" name="tests.AlertPageTest" tests="1" failures="0" timestamp="18 Oct 2018 10:07:51 GMT" time="8.684" errors="0">
  <testcase name="alertTestMessage" time="8.684" classname="tests.AlertPageTest"/>
</testsuite> <!-- tests.AlertPageTest -->
