<?xml version="1.0" encoding="UTF-8"?>
<!-- Generated by org.testng.reporters.JUnitReportReporter -->
<testsuite hostname="Vinod-PC" name="testngtest.BaseTests" tests="2" failures="0" timestamp="24 Jul 2018 11:36:45 GMT" time="0.000" errors="0">
  <testcase name="checkWordTest" time="0.000" classname="testngtest.BaseTests"/>
  <testcase name="stringTest" time="0.000" classname="testngtest.BaseTests"/>
</testsuite> <!-- testngtest.BaseTests -->
