<?xml version="1.0" encoding="UTF-8"?>
<!-- Generated by org.testng.reporters.JUnitReportReporter -->
<testsuite hostname="Vinod-PC" name="tests.SimpleFormTest" tests="2" failures="0" timestamp="23 Sep 2018 07:32:00 GMT" time="18.584" errors="0">
  <testcase name="calculateTotal" time="11.859" classname="tests.SimpleFormTest"/>
  <testcase name="showMessageTest" time="6.725" classname="tests.SimpleFormTest"/>
</testsuite> <!-- tests.SimpleFormTest -->
