<?xml version="1.0" encoding="UTF-8"?>
<!-- Generated by org.testng.reporters.JUnitReportReporter -->
<testsuite hostname="Vinod-PC" name="tests.CheckboxFormTest" tests="2" failures="0" timestamp="18 Oct 2018 10:07:51 GMT" time="14.635" errors="0">
  <testcase name="singleCheckboxTest" time="7.131" classname="tests.CheckboxFormTest"/>
  <testcase name="multipleCheckboxTest" time="7.504" classname="tests.CheckboxFormTest"/>
</testsuite> <!-- tests.CheckboxFormTest -->
