<?xml version="1.0" encoding="UTF-8"?>
<!-- Generated by org.testng.reporters.JUnitReportReporter -->
<testsuite hostname="Vinod-PC" name="tests.BMIPageTest" tests="1" failures="0" timestamp="23 Sep 2018 07:32:00 GMT" time="5.512" errors="0">
  <testcase name="bmiCalculatorTest" time="5.512" classname="tests.BMIPageTest"/>
</testsuite> <!-- tests.BMIPageTest -->
