<?xml version="1.0" encoding="UTF-8"?>
<!-- Generated by org.testng.reporters.JUnitReportReporter -->
<testsuite hostname="Vinod-PC" name="pages.DataProviderTest" tests="2" failures="0" timestamp="26 Jul 2018 12:22:32 GMT" time="24.121" errors="0">
  <testcase name="login" time="12.035" classname="pages.DataProviderTest"/>
  <testcase name="login" time="12.086" classname="pages.DataProviderTest"/>
</testsuite> <!-- pages.DataProviderTest -->
