<?xml version="1.0" encoding="UTF-8"?>
<!-- Generated by org.testng.reporters.JUnitReportReporter -->
<testsuite hostname="Vinod-PC" name="tests.AlertPageTest" tests="1" failures="0" timestamp="23 Sep 2018 08:24:22 GMT" time="6.948" errors="0">
  <testcase name="alertTestMessage" time="6.948" classname="tests.AlertPageTest"/>
</testsuite> <!-- tests.AlertPageTest -->
